Rendering to 1024x1024 image
Loaded scene with 1000000 circles
Loaded scene with 1000000 circles
---------------------------------------------------------
Initializing CUDA for CudaRenderer
Found 1 CUDA devices
Device 0: NVIDIA GeForce GTX 1660 Ti
   SMs:        24
   Global mem: 6144 MB
   CUDA Cap:   7.5
---------------------------------------------------------

Running benchmark, 1 frames, beginning at frame 0 ...
Dumping frames to logs/output_xxx.ppm
Copying image data from device
Wrote image file logs/output_0000.ppm
Copying image data from device
***************** Correctness check passed **************************
Clear:    2.0890 ms
Advance:  0.0009 ms
Render:   160.4082 ms
Total:    162.4981 ms
File IO:  91.2785 ms

Overall:  4.4429 sec (note units are seconds)
